2022-11-22 16:11:39,052 [INFO] Activator:177 - 


2022-11-22 16:11:39,060 [INFO] Activator:178 - !SESSION log4j initialized
2022-11-22 16:11:44,664 [ERROR] ConfigurationRetriever:139 - IOException on connection: connect timed out
2022-11-22 16:11:46,666 [ERROR] ConfigurationRetriever:139 - IOException on connection: connect timed out
2022-11-22 16:11:48,674 [ERROR] ConfigurationRetriever:139 - IOException on connection: connect timed out
2022-11-22 16:12:03,857 [ERROR] LogOutputStream:74 - [STDERR_REDIRECT] SLF4J: Failed to load class "org.slf4j.impl.StaticLoggerBinder".
2022-11-22 16:12:03,857 [ERROR] LogOutputStream:74 - [STDERR_REDIRECT] SLF4J: Defaulting to no-operation (NOP) logger implementation
2022-11-22 16:12:03,859 [ERROR] LogOutputStream:74 - [STDERR_REDIRECT] SLF4J: See http://www.slf4j.org/codes.html#StaticLoggerBinder for further details.
2022-11-22 16:13:34,052 [ERROR] ConfigurationRetriever:139 - IOException on connection: connect timed out
2022-11-22 16:13:36,064 [ERROR] ConfigurationRetriever:139 - IOException on connection: connect timed out
2022-11-22 16:13:38,067 [ERROR] ConfigurationRetriever:139 - IOException on connection: connect timed out
2022-11-25 10:39:35,998 [INFO] Activator:177 - 


2022-11-25 10:39:36,006 [INFO] Activator:178 - !SESSION log4j initialized
2022-11-25 10:39:51,263 [ERROR] ConfigurationRetriever:139 - IOException on connection: connect timed out
2022-11-25 10:39:53,266 [ERROR] ConfigurationRetriever:139 - IOException on connection: connect timed out
2022-11-25 10:39:55,274 [ERROR] ConfigurationRetriever:139 - IOException on connection: connect timed out
2022-11-25 10:40:10,666 [ERROR] LogOutputStream:74 - [STDERR_REDIRECT] SLF4J: Failed to load class "org.slf4j.impl.StaticLoggerBinder".
2022-11-25 10:40:10,666 [ERROR] LogOutputStream:74 - [STDERR_REDIRECT] SLF4J: Defaulting to no-operation (NOP) logger implementation
2022-11-25 10:40:10,666 [ERROR] LogOutputStream:74 - [STDERR_REDIRECT] SLF4J: See http://www.slf4j.org/codes.html#StaticLoggerBinder for further details.
2022-11-25 10:53:49,070 [ERROR] ConfigurationRetriever:139 - IOException on connection: connect timed out
2022-11-25 10:53:51,074 [ERROR] ConfigurationRetriever:139 - IOException on connection: connect timed out
2022-11-25 10:53:53,084 [ERROR] ConfigurationRetriever:139 - IOException on connection: connect timed out
2022-11-28 13:21:44,134 [INFO] Activator:177 - 


2022-11-28 13:21:44,135 [INFO] Activator:178 - !SESSION log4j initialized
2022-11-28 13:22:17,420 [ERROR] LogOutputStream:74 - [STDERR_REDIRECT] SLF4J: Failed to load class "org.slf4j.impl.StaticLoggerBinder".
2022-11-28 13:22:17,421 [ERROR] LogOutputStream:74 - [STDERR_REDIRECT] SLF4J: Defaulting to no-operation (NOP) logger implementation
2022-11-28 13:22:17,426 [ERROR] LogOutputStream:74 - [STDERR_REDIRECT] SLF4J: See http://www.slf4j.org/codes.html#StaticLoggerBinder for further details.
2022-11-28 13:58:21,763 [INFO] McuFinderGlobals:44 - Set McuFinder mode to 2 (CubeIDE integrated)
2022-11-28 13:58:26,652 [INFO] ApplicationProperties:181 - Using Application install path: C:\ST\STM32CubeIDE_1.10.1\STM32CubeIDE\plugins\com.st.stm32cube.common.mx_6.6.1.202207061420
2022-11-28 13:58:26,674 [INFO] DbMcusXml:77 - Set database path to: C:\ST\STM32CubeIDE_1.10.1\STM32CubeIDE\plugins\com.st.stm32cube.common.mx_6.6.1.202207061420\\db\/mcu/
2022-11-28 13:58:26,674 [INFO] ApiDb:269 - Set plugin database path to: C:\ST\STM32CubeIDE_1.10.1\STM32CubeIDE\plugins\com.st.stm32cube.common.mx_6.6.1.202207061420\\db\/plugins/boardmanager/
2022-11-28 13:58:26,676 [WARN] ApiDb:254 - Overriding images path with different value:  => C:\ST\STM32CubeIDE_1.10.1\STM32CubeIDE\plugins\com.st.stm32cube.common.mx_6.6.1.202207061420\\db\/plugins/mcufinder/images/
2022-11-28 13:58:26,692 [INFO] ApiDb:249 - Set database path to: C:\Users\paul.mathieu\.stmcufinder\plugins\mcufinder//mcu/
2022-11-28 13:58:26,695 [INFO] DbMcusAds:124 - Set database path to: C:\Users\paul.mathieu\.stmcufinder\plugins\mcufinder//mcu/
2022-11-28 13:58:26,725 [INFO] CrossReferenceDbSqlite:201 - Set database path to: C:\Users\paul.mathieu\.stmcufinder\plugins\mcufinder//mcu/cs/
2022-11-28 13:58:26,847 [INFO] RulesReader:61 - Compatibility file has been processed (282 Rules)
2022-11-28 13:58:26,951 [INFO] DbMcusXml:77 - Set database path to: C:\ST\STM32CubeIDE_1.10.1\STM32CubeIDE\plugins\com.st.stm32cube.common.mx_6.6.1.202207061420\\db\/mcu/
2022-11-28 13:58:26,951 [INFO] ApiDb:269 - Set plugin database path to: C:\ST\STM32CubeIDE_1.10.1\STM32CubeIDE\plugins\com.st.stm32cube.common.mx_6.6.1.202207061420\\db\/plugins/boardmanager/
2022-11-28 13:58:26,951 [INFO] ApiDb:256 - Set plugin images path to: C:\ST\STM32CubeIDE_1.10.1\STM32CubeIDE\plugins\com.st.stm32cube.common.mx_6.6.1.202207061420\\db\/plugins/mcufinder/images/
2022-11-28 13:58:26,952 [WARN] DbFile:40 - Overriding database path with different value: C:\Users\paul.mathieu\.stmcufinder\plugins\mcufinder/ => C:\Users\paul.mathieu\.stmcufinder\plugins\mcufinder
2022-11-28 13:58:26,952 [INFO] ApiDb:249 - Set database path to: C:\Users\paul.mathieu\.stmcufinder\plugins\mcufinder//mcu/
2022-11-28 13:58:26,952 [WARN] DbFile:40 - Overriding database path with different value: C:\Users\paul.mathieu\.stmcufinder\plugins\mcufinder/ => C:\Users\paul.mathieu\.stmcufinder\plugins\mcufinder
2022-11-28 13:58:26,952 [INFO] DbMcusAds:124 - Set database path to: C:\Users\paul.mathieu\.stmcufinder\plugins\mcufinder//mcu/
2022-11-28 13:58:26,953 [WARN] DbFile:40 - Overriding database path with different value: C:\Users\paul.mathieu\.stmcufinder\plugins\mcufinder/ => C:\Users\paul.mathieu\.stmcufinder\plugins\mcufinder
2022-11-28 13:58:26,953 [WARN] DbFile:40 - Overriding database path with different value: C:\Users\paul.mathieu\.stmcufinder\plugins\mcufinder/ => C:\Users\paul.mathieu\.stmcufinder\plugins\mcufinder
2022-11-28 13:58:26,953 [INFO] CrossReferenceDbSqlite:201 - Set database path to: C:\Users\paul.mathieu\.stmcufinder\plugins\mcufinder//mcu/cs/
2022-11-28 13:58:27,036 [INFO] MainPanel:242 - HeapMemory: 426770432
2022-11-28 13:58:27,160 [INFO] DbMcusXml:77 - Set database path to: C:\ST\STM32CubeIDE_1.10.1\STM32CubeIDE\plugins\com.st.stm32cube.common.mx_6.6.1.202207061420\\db\/mcu/
2022-11-28 13:58:27,160 [INFO] ApiDb:269 - Set plugin database path to: C:\ST\STM32CubeIDE_1.10.1\STM32CubeIDE\plugins\com.st.stm32cube.common.mx_6.6.1.202207061420\\db\/plugins/boardmanager/
2022-11-28 13:58:27,160 [INFO] ApiDb:256 - Set plugin images path to: C:\ST\STM32CubeIDE_1.10.1\STM32CubeIDE\plugins\com.st.stm32cube.common.mx_6.6.1.202207061420\\db\/plugins/mcufinder/images/
2022-11-28 13:58:27,162 [WARN] DbFile:40 - Overriding database path with different value: C:\Users\paul.mathieu\.stmcufinder\plugins\mcufinder/ => C:\Users\paul.mathieu\.stmcufinder\plugins\mcufinder
2022-11-28 13:58:27,162 [INFO] ApiDb:249 - Set database path to: C:\Users\paul.mathieu\.stmcufinder\plugins\mcufinder//mcu/
2022-11-28 13:58:27,162 [WARN] DbFile:40 - Overriding database path with different value: C:\Users\paul.mathieu\.stmcufinder\plugins\mcufinder/ => C:\Users\paul.mathieu\.stmcufinder\plugins\mcufinder
2022-11-28 13:58:27,163 [INFO] DbMcusAds:124 - Set database path to: C:\Users\paul.mathieu\.stmcufinder\plugins\mcufinder//mcu/
2022-11-28 13:58:27,163 [WARN] DbFile:40 - Overriding database path with different value: C:\Users\paul.mathieu\.stmcufinder\plugins\mcufinder/ => C:\Users\paul.mathieu\.stmcufinder\plugins\mcufinder
2022-11-28 13:58:27,164 [WARN] DbFile:40 - Overriding database path with different value: C:\Users\paul.mathieu\.stmcufinder\plugins\mcufinder/ => C:\Users\paul.mathieu\.stmcufinder\plugins\mcufinder
2022-11-28 13:58:27,164 [INFO] CrossReferenceDbSqlite:201 - Set database path to: C:\Users\paul.mathieu\.stmcufinder\plugins\mcufinder//mcu/cs/
2022-11-28 13:58:27,186 [INFO] ApplicationProperties:181 - Using Application install path: C:\ST\STM32CubeIDE_1.10.1\STM32CubeIDE\plugins\com.st.stm32cube.common.mx_6.6.1.202207061420
2022-11-28 13:58:27,189 [INFO] PluginManage:193 - Search for loadable plugins [exclusion list=, ]
2022-11-28 13:58:27,191 [INFO] PluginManage:307 - Check plugin analytics
2022-11-28 13:58:27,424 [INFO] AnalyticsPlugin:262 - Accepted Software Licenses: 
2022-11-28 13:58:27,425 [INFO] AnalyticsPlugin:264 - Accepted CMSIS Pack Licenses: STMicroelectronics.X-CUBE-MEMS1.9.1.0,STMicroelectronics.X-CUBE-MEMS1.9.3.0
2022-11-28 13:58:27,425 [INFO] AnalyticsPlugin:266 - Accepted Firmware Licenses: FW.WB.1.14.0
2022-11-28 13:58:27,437 [INFO] PluginManage:356 - Loaded plugin analytics (category:tool,tabindex:-1)
2022-11-28 13:58:27,438 [INFO] PluginManage:307 - Check plugin cadmodel
2022-11-28 13:58:27,450 [INFO] CADModel:65 - Init CAD model plugin
2022-11-28 13:58:27,450 [INFO] PluginManage:356 - Loaded plugin cadmodel (category:power,tabindex:5)
2022-11-28 13:58:27,450 [INFO] PluginManage:307 - Check plugin clock
2022-11-28 13:58:27,469 [INFO] PluginManage:356 - Loaded plugin clock (category:base,tabindex:2)
2022-11-28 13:58:27,469 [INFO] PluginManage:307 - Check plugin ddr
2022-11-28 13:58:27,472 [INFO] PluginManage:356 - Loaded plugin ddr (category:tool,tabindex:6)
2022-11-28 13:58:27,474 [INFO] PluginManage:307 - Check plugin filemanager
2022-11-28 13:58:27,619 [INFO] PluginManage:356 - Loaded plugin filemanager (category:base,tabindex:10)
2022-11-28 13:58:27,619 [INFO] PluginManage:307 - Check plugin ipmanager
2022-11-28 13:58:27,626 [INFO] PluginManage:356 - Loaded plugin ipmanager (category:base,tabindex:5)
2022-11-28 13:58:27,626 [INFO] PluginManage:307 - Check plugin lpbam
2022-11-28 13:58:27,646 [INFO] PluginManage:356 - Loaded plugin lpbam (category:base,tabindex:0)
2022-11-28 13:58:27,646 [INFO] PluginManage:307 - Check plugin pinoutandconfiguration
2022-11-28 13:58:27,661 [INFO] PluginManage:356 - Loaded plugin pinoutandconfiguration (category:base,tabindex:1)
2022-11-28 13:58:27,662 [INFO] PluginManage:307 - Check plugin pinoutconfig
2022-11-28 13:58:27,699 [INFO] PluginManage:356 - Loaded plugin pinoutconfig (category:base,tabindex:0)
2022-11-28 13:58:27,699 [INFO] PluginManage:307 - Check plugin power
2022-11-28 13:58:27,717 [INFO] PluginManage:356 - Loaded plugin power (category:power,tabindex:4)
2022-11-28 13:58:27,718 [INFO] PluginManage:307 - Check plugin projectmanager
2022-11-28 13:58:27,736 [INFO] PluginManage:356 - Loaded plugin projectmanager (category:projectmanager,tabindex:3)
2022-11-28 13:58:27,736 [INFO] PluginManage:307 - Check plugin thirdparty
2022-11-28 13:58:27,994 [INFO] PluginManage:356 - Loaded plugin thirdparty (category:base,tabindex:-1)
2022-11-28 13:58:27,994 [WARN] IntegrityCheckThread:82 - waiting for thirdparty lock release [integrity check]
2022-11-28 13:58:27,995 [INFO] IntegrityCheckThread:84 - entering critical section [integrity check]
2022-11-28 13:58:27,994 [INFO] PluginManage:307 - Check plugin tools
2022-11-28 13:58:27,997 [INFO] ThirdPartyUpdaterWithRetryManager:70 - Updater plugin not ready yet. [1/15]
2022-11-28 13:58:28,018 [INFO] PluginManage:356 - Loaded plugin tools (category:base,tabindex:7)
2022-11-28 13:58:28,019 [INFO] PluginManage:307 - Check plugin tutovideos
2022-11-28 13:58:28,257 [INFO] PluginManage:356 - Loaded plugin tutovideos (category:base,tabindex:-1)
2022-11-28 13:58:28,258 [INFO] PluginManage:307 - Check plugin updater
2022-11-28 13:58:28,276 [INFO] PluginManage:356 - Loaded plugin updater (category:base,tabindex:12)
2022-11-28 13:58:28,277 [INFO] PluginManage:280 - PluginManage : Loaded plugins [15]
2022-11-28 13:58:28,557 [INFO] PinOutPanel:1468 - setPackage(No Configuration,No Configuration)
2022-11-28 13:58:28,638 [INFO] CADModel:98 - CPN selected for project level
2022-11-28 13:58:28,672 [INFO] IPUIPlugin:79 - create IPUIPlugin
2022-11-28 13:58:28,672 [INFO] PluginManager:217 - loadIPPluginJar : add adc
2022-11-28 13:58:28,704 [INFO] IPUIPlugin:79 - create IPUIPlugin
2022-11-28 13:58:28,704 [INFO] PluginManager:217 - loadIPPluginJar : add aes
2022-11-28 13:58:28,737 [INFO] IPUIPlugin:79 - create IPUIPlugin
2022-11-28 13:58:28,737 [INFO] PluginManager:217 - loadIPPluginJar : add can
2022-11-28 13:58:28,756 [INFO] IPUIPlugin:79 - create IPUIPlugin
2022-11-28 13:58:28,756 [INFO] PluginManager:217 - loadIPPluginJar : add comp
2022-11-28 13:58:28,783 [INFO] IPUIPlugin:79 - create IPUIPlugin
2022-11-28 13:58:28,783 [INFO] PluginManager:217 - loadIPPluginJar : add cryp
2022-11-28 13:58:28,806 [INFO] IPUIPlugin:79 - create IPUIPlugin
2022-11-28 13:58:28,807 [INFO] PluginManager:217 - loadIPPluginJar : add dfsdm
2022-11-28 13:58:28,819 [INFO] IPUIPlugin:79 - create IPUIPlugin
2022-11-28 13:58:28,819 [INFO] PluginManager:217 - loadIPPluginJar : add dma
2022-11-28 13:58:28,856 [INFO] IPUIPlugin:79 - create IPUIPlugin
2022-11-28 13:58:28,856 [INFO] PluginManager:217 - loadIPPluginJar : add dma3
2022-11-28 13:58:28,876 [INFO] IPUIPlugin:79 - create IPUIPlugin
2022-11-28 13:58:28,876 [INFO] PluginManager:217 - loadIPPluginJar : add fatfs
2022-11-28 13:58:28,923 [INFO] IPUIPlugin:79 - create IPUIPlugin
2022-11-28 13:58:28,923 [INFO] PluginManager:217 - loadIPPluginJar : add fmc
2022-11-28 13:58:28,938 [INFO] IPUIPlugin:79 - create IPUIPlugin
2022-11-28 13:58:28,939 [INFO] PluginManager:217 - loadIPPluginJar : add freertos
2022-11-28 13:58:28,954 [INFO] IPUIPlugin:79 - create IPUIPlugin
2022-11-28 13:58:28,954 [INFO] PluginManager:217 - loadIPPluginJar : add genericplugin
2022-11-28 13:58:29,033 [INFO] IPUIPlugin:79 - create IPUIPlugin
2022-11-28 13:58:29,033 [INFO] PluginManager:217 - loadIPPluginJar : add gfxmmu
2022-11-28 13:58:29,137 [INFO] IPUIPlugin:79 - create IPUIPlugin
2022-11-28 13:58:29,137 [INFO] PluginManager:217 - loadIPPluginJar : add gic
2022-11-28 13:58:29,148 [INFO] IPUIPlugin:79 - create IPUIPlugin
2022-11-28 13:58:29,148 [INFO] PluginManager:217 - loadIPPluginJar : add gpio
2022-11-28 13:58:29,217 [INFO] IPUIPlugin:79 - create IPUIPlugin
2022-11-28 13:58:29,217 [INFO] PluginManager:217 - loadIPPluginJar : add gtzc
2022-11-28 13:58:29,243 [INFO] IPUIPlugin:79 - create IPUIPlugin
2022-11-28 13:58:29,243 [INFO] PluginManager:217 - loadIPPluginJar : add hash
2022-11-28 13:58:29,283 [INFO] IPUIPlugin:79 - create IPUIPlugin
2022-11-28 13:58:29,283 [INFO] PluginManager:217 - loadIPPluginJar : add i2c
2022-11-28 13:58:29,312 [INFO] IPUIPlugin:79 - create IPUIPlugin
2022-11-28 13:58:29,313 [INFO] PluginManager:217 - loadIPPluginJar : add i2s
2022-11-28 13:58:29,406 [INFO] IPUIPlugin:79 - create IPUIPlugin
2022-11-28 13:58:29,406 [INFO] PluginManager:217 - loadIPPluginJar : add ipddr
2022-11-28 13:58:29,474 [INFO] IPUIPlugin:79 - create IPUIPlugin
2022-11-28 13:58:29,475 [INFO] PluginManager:217 - loadIPPluginJar : add linkedlist
2022-11-28 13:58:29,500 [INFO] IPUIPlugin:79 - create IPUIPlugin
2022-11-28 13:58:29,500 [INFO] PluginManager:217 - loadIPPluginJar : add lorawan
2022-11-28 13:58:29,522 [INFO] IPUIPlugin:79 - create IPUIPlugin
2022-11-28 13:58:29,522 [INFO] PluginManager:217 - loadIPPluginJar : add ltdc
2022-11-28 13:58:29,543 [INFO] IPUIPlugin:79 - create IPUIPlugin
2022-11-28 13:58:29,543 [INFO] PluginManager:217 - loadIPPluginJar : add mdma
2022-11-28 13:58:29,553 [INFO] IPUIPlugin:79 - create IPUIPlugin
2022-11-28 13:58:29,553 [INFO] PluginManager:217 - loadIPPluginJar : add nvic
2022-11-28 13:58:29,581 [INFO] IPUIPlugin:79 - create IPUIPlugin
2022-11-28 13:58:29,582 [INFO] PluginManager:217 - loadIPPluginJar : add opamp
2022-11-28 13:58:29,629 [INFO] IPUIPlugin:79 - create IPUIPlugin
2022-11-28 13:58:29,629 [INFO] PluginManager:217 - loadIPPluginJar : add openamp
2022-11-28 13:58:29,666 [INFO] IPUIPlugin:79 - create IPUIPlugin
2022-11-28 13:58:29,666 [INFO] PluginManager:217 - loadIPPluginJar : add pdm2pcm
2022-11-28 13:58:29,682 [INFO] IPUIPlugin:79 - create IPUIPlugin
2022-11-28 13:58:29,683 [INFO] PluginManager:217 - loadIPPluginJar : add plateformsettings
2022-11-28 13:58:29,702 [INFO] IPUIPlugin:79 - create IPUIPlugin
2022-11-28 13:58:29,702 [INFO] PluginManager:217 - loadIPPluginJar : add quadspi
2022-11-28 13:58:29,714 [INFO] IPUIPlugin:79 - create IPUIPlugin
2022-11-28 13:58:29,715 [INFO] PluginManager:217 - loadIPPluginJar : add resmgrutility
2022-11-28 13:58:29,753 [INFO] IPUIPlugin:79 - create IPUIPlugin
2022-11-28 13:58:29,753 [INFO] PluginManager:217 - loadIPPluginJar : add sai
2022-11-28 13:58:29,783 [INFO] IPUIPlugin:79 - create IPUIPlugin
2022-11-28 13:58:29,783 [INFO] PluginManager:217 - loadIPPluginJar : add spi
2022-11-28 13:58:29,823 [INFO] IPUIPlugin:79 - create IPUIPlugin
2022-11-28 13:58:29,824 [INFO] PluginManager:217 - loadIPPluginJar : add stm32_wpan
2022-11-28 13:58:29,843 [INFO] IPUIPlugin:79 - create IPUIPlugin
2022-11-28 13:58:29,843 [INFO] PluginManager:217 - loadIPPluginJar : add tim
2022-11-28 13:58:29,887 [INFO] IPUIPlugin:79 - create IPUIPlugin
2022-11-28 13:58:29,888 [INFO] PluginManager:217 - loadIPPluginJar : add touchsensing
2022-11-28 13:58:29,905 [INFO] IPUIPlugin:79 - create IPUIPlugin
2022-11-28 13:58:29,905 [INFO] PluginManager:217 - loadIPPluginJar : add tracer_emb
2022-11-28 13:58:29,922 [INFO] IPUIPlugin:79 - create IPUIPlugin
2022-11-28 13:58:29,922 [INFO] PluginManager:217 - loadIPPluginJar : add ts
2022-11-28 13:58:29,938 [INFO] IPUIPlugin:79 - create IPUIPlugin
2022-11-28 13:58:29,938 [INFO] PluginManager:217 - loadIPPluginJar : add tsc
2022-11-28 13:58:29,953 [INFO] IPUIPlugin:79 - create IPUIPlugin
2022-11-28 13:58:29,953 [INFO] PluginManager:217 - loadIPPluginJar : add ucpd
2022-11-28 13:58:29,988 [INFO] IPUIPlugin:79 - create IPUIPlugin
2022-11-28 13:58:29,988 [INFO] PluginManager:217 - loadIPPluginJar : add usart
2022-11-28 13:58:30,027 [INFO] IPUIPlugin:79 - create IPUIPlugin
2022-11-28 13:58:30,027 [INFO] PluginManager:217 - loadIPPluginJar : add usbx
2022-11-28 13:58:30,349 [FATAL] Updater:301 - Updater called before beeing initialized
2022-11-28 13:58:30,504 [FATAL] Updater:301 - Updater called before beeing initialized
2022-11-28 13:58:30,517 [INFO] DbMcusAds:52 - JSON generation date=Thu Sep 30 08:55:09 CEST 2021 (1632984909247)
2022-11-28 13:58:30,518 [FATAL] Updater:301 - Updater called before beeing initialized
2022-11-28 13:58:30,589 [WARN] DetailPanel:344 - Failed to get advertising image, set to default
2022-11-28 13:58:30,702 [FATAL] Updater:301 - Updater called before beeing initialized
2022-11-28 13:58:30,707 [FATAL] Updater:301 - Updater called before beeing initialized
2022-11-28 13:58:30,707 [FATAL] Updater:301 - Updater called before beeing initialized
2022-11-28 13:58:30,707 [WARN] DetailPanel:344 - Failed to get advertising image, set to default
2022-11-28 13:58:30,708 [FATAL] Updater:301 - Updater called before beeing initialized
2022-11-28 13:58:30,776 [ERROR] Updater:1105 - MainUpdater not yet initialized. External WinMGr cannot be set.
2022-11-28 13:58:30,783 [INFO] Updater:1041 - Updater Version found : 6.6.1
2022-11-28 13:58:30,802 [INFO] ApplicationProperties:181 - Using Application install path: C:\ST\STM32CubeIDE_1.10.1\STM32CubeIDE\plugins\com.st.stm32cube.common.mx_6.6.1.202207061420
2022-11-28 13:58:31,007 [INFO] ThirdPartyUpdaterWithRetryManager:70 - Updater plugin not ready yet. [2/15]
2022-11-28 13:58:31,010 [INFO] MainUpdater:2768 - connection check result : 10
2022-11-28 13:58:31,011 [INFO] MainUpdater:3453 - Updater definition file requires update
2022-11-28 13:58:31,012 [INFO] MainUpdater:280 - Updater Check For Update Now.
2022-11-28 13:58:31,013 [INFO] MicroXplorer:481 - Change Database Version : DB.6.0.60
2022-11-28 13:58:31,087 [INFO] ServerAccessManage:474 - Download File updaters.zip
2022-11-28 13:58:31,464 [INFO] FileExtend:239 - Unzip File : updaters.zip
2022-11-28 13:58:31,464 [INFO] FileExtend:254 - Standard Zip Deflate
2022-11-28 13:58:31,961 [INFO] ServerAccessManage:474 - Download File PacksControlFlags.xml
2022-11-28 13:58:32,064 [INFO] ServerAccessManage:474 - Download File cubemx.pidx
2022-11-28 13:58:32,226 [INFO] LoadServerUpdatesThread:367 - End of LoadServerUpdate Thread
2022-11-28 13:58:32,422 [INFO] CheckServerUpdateThread:119 - End of CheckServer Thread
2022-11-28 13:58:32,457 [INFO] MainUpdater:2768 - connection check result : 10
2022-11-28 13:58:32,464 [INFO] MainUpdater:2768 - connection check result : 10
2022-11-28 13:58:32,686 [INFO] MicroXplorer:451 - Change Database Path : 
2022-11-28 13:58:32,686 [INFO] MicroXplorer:481 - Change Database Version : DB.6.0.60
2022-11-28 13:58:32,687 [WARN] ThirdParty:827 - waiting for thirdparty lock release [close project]
2022-11-28 13:58:34,194 [WARN] PackLoader:242 - Cannot read IP mode file for STMicroelectronics.X-CUBE-GNSS1.6.0.0
2022-11-28 13:58:34,244 [WARN] PackLoader:242 - Cannot read IP mode file for STMicroelectronics.X-CUBE-AZRTOS-F4.1.1.0
2022-11-28 13:58:34,262 [WARN] PackLoader:242 - Cannot read IP mode file for STMicroelectronics.X-CUBE-BLEMGR.1.2.0
2022-11-28 13:58:34,305 [WARN] PackLoader:242 - Cannot read IP mode file for STMicroelectronics.X-CUBE-AZRTOS-F7.1.1.0
2022-11-28 13:58:34,323 [WARN] PackLoader:242 - Cannot read IP mode file for STMicroelectronics.X-CUBE-BLE1.6.2.3
2022-11-28 13:58:34,341 [WARN] PackLoader:242 - Cannot read IP mode file for emotas.I-CUBE-CANOPEN.1.1.3
2022-11-28 13:58:34,354 [WARN] PackLoader:242 - Cannot read IP mode file for STMicroelectronics.X-CUBE-NFC4.2.0.5
2022-11-28 13:58:34,371 [WARN] PackLoader:242 - Cannot read IP mode file for STMicroelectronics.X-CUBE-NFC4.2.0.4
2022-11-28 13:58:34,388 [WARN] PackLoader:242 - Cannot read IP mode file for STMicroelectronics.X-CUBE-TOF1.3.1.0
2022-11-28 13:58:34,408 [WARN] PackLoader:242 - Cannot read IP mode file for wolfSSL.I-CUBE-wolfSSL.5.5.3
2022-11-28 13:58:34,418 [WARN] PackLoader:242 - Cannot read IP mode file for wolfSSL.I-CUBE-wolfSSL.5.5.0
2022-11-28 13:58:34,429 [WARN] PackLoader:242 - Cannot read IP mode file for STMicroelectronics.X-CUBE-NFC7.1.0.0
2022-11-28 13:58:34,503 [WARN] PackLoader:242 - Cannot read IP mode file for STMicroelectronics.X-CUBE-MEMS1.9.3.0
2022-11-28 13:58:35,024 [WARN] PackLoader:242 - Cannot read IP mode file for STMicroelectronics.X-CUBE-AI.7.2.0
2022-11-28 13:58:35,052 [WARN] PackLoader:242 - Cannot read IP mode file for STMicroelectronics.X-CUBE-SFXS2LP1.4.0.0
2022-11-28 13:58:35,079 [WARN] PackLoader:242 - Cannot read IP mode file for STMicroelectronics.X-CUBE-BLE2.3.3.0
2022-11-28 13:58:35,101 [WARN] PackLoader:242 - Cannot read IP mode file for STMicroelectronics.X-CUBE-DISPLAY.2.2.0
2022-11-28 13:58:35,139 [WARN] PackLoader:242 - Cannot read IP mode file for STMicroelectronics.X-CUBE-TOF1.3.2.0
2022-11-28 13:58:35,171 [WARN] PackLoader:242 - Cannot read IP mode file for STMicroelectronics.X-CUBE-ISPU.1.0.0
2022-11-28 13:58:35,189 [WARN] PackLoader:242 - Cannot read IP mode file for STMicroelectronics.X-CUBE-ISPU.1.1.0
2022-11-28 13:58:35,214 [WARN] PackLoader:242 - Cannot read IP mode file for RoweBots.I-CUBE-UNISONRTOS.5.5.0-4
2022-11-28 13:58:35,254 [WARN] PackLoader:242 - Cannot read IP mode file for STMicroelectronics.X-CUBE-AZRTOS-H7.2.1.0
2022-11-28 13:58:35,278 [WARN] PackLoader:242 - Cannot read IP mode file for STMicroelectronics.X-CUBE-BLEMGR.1.0.0
2022-11-28 13:58:35,292 [WARN] PackLoader:242 - Cannot read IP mode file for STMicroelectronics.X-CUBE-AI.7.3.0
2022-11-28 13:58:35,314 [WARN] PackLoader:242 - Cannot read IP mode file for STMicroelectronics.X-CUBE-ALGOBUILD.1.3.0
2022-11-28 13:58:35,345 [WARN] PackLoader:242 - Cannot read IP mode file for STMicroelectronics.X-CUBE-AZRTOS-G0.1.1.0
2022-11-28 13:58:35,370 [WARN] PackLoader:242 - Cannot read IP mode file for STMicroelectronics.X-CUBE-SUBG2.5.0.0
2022-11-28 13:58:35,415 [WARN] PackLoader:242 - Cannot read IP mode file for SEGGER.I-CUBE-embOS.1.2.0
2022-11-28 13:58:35,483 [WARN] PackLoader:242 - Cannot read IP mode file for SEGGER.I-CUBE-embOS.1.2.1
2022-11-28 13:58:35,516 [WARN] PackLoader:242 - Cannot read IP mode file for STMicroelectronics.FP-ATR-ASTRA1.1.1.1
2022-11-28 13:58:35,540 [WARN] PackLoader:242 - Cannot read IP mode file for STMicroelectronics.X-CUBE-AZRTOS-G4.1.0.0
2022-11-28 13:58:35,558 [WARN] PackLoader:242 - Cannot read IP mode file for STMicroelectronics.FP-ATR-SIGFOX1.3.2.0
2022-11-28 13:58:35,589 [WARN] PackLoader:242 - Cannot read IP mode file for STMicroelectronics.X-CUBE-AZRTOS-L4.1.0.0
2022-11-28 13:58:35,611 [WARN] PackLoader:242 - Cannot read IP mode file for emotas.I-CUBE-CANOPEN.1.1.2
2022-11-28 13:58:35,625 [WARN] PackLoader:242 - Cannot read IP mode file for STMicroelectronics.X-CUBE-TOUCHGFX.4.20.0
2022-11-28 13:58:35,652 [WARN] PackLoader:242 - Cannot read IP mode file for STMicroelectronics.X-CUBE-AZRTOS-WL.1.0.0
2022-11-28 13:58:35,710 [WARN] PackLoader:242 - Cannot read IP mode file for STMicroelectronics.X-CUBE-MEMS1.9.1.0
2022-11-28 13:58:36,145 [WARN] PackLoader:242 - Cannot read IP mode file for portGmbH.I-Cube-SoM-uGOAL.1.1.0
2022-11-28 13:58:36,165 [WARN] PackLoader:242 - Cannot read IP mode file for STMicroelectronics.X-CUBE-ALS.1.0.1
2022-11-28 13:58:36,197 [WARN] PackLoader:242 - Cannot read IP mode file for STMicroelectronics.X-CUBE-AZRTOS-L5.1.0.0
2022-11-28 13:58:36,215 [WARN] PackLoader:242 - Cannot read IP mode file for STMicroelectronics.X-CUBE-EEPRMA1.3.1.1
2022-11-28 13:58:36,216 [INFO] ThirdParty:929 - Integrity check success = true
2022-11-28 13:58:36,217 [INFO] IntegrityCheckThread:98 - exiting critical section [integrity check]
2022-11-28 13:58:36,217 [INFO] IntegrityCheckThread:101 - End integrity checks thread
2022-11-28 13:58:36,217 [INFO] ThirdParty:829 - entering critical section [close project]
2022-11-28 13:58:36,218 [INFO] ThirdParty:839 - exiting critical section [close project]
2022-11-28 13:58:36,221 [INFO] PinOutPanel:1468 - setPackage(No Configuration,No Configuration)
2022-11-28 13:58:36,228 [INFO] UtilMem:74 - Begin LoadConfig() Used Memory: 198634040 Bytes (634388480)
2022-11-28 13:58:36,230 [INFO] MicroXplorer:451 - Change Database Path : 
2022-11-28 13:58:36,230 [INFO] MicroXplorer:481 - Change Database Version : DB.6.0.60
2022-11-28 13:58:36,230 [INFO] OpenFileManager:307 - Change cursor
2022-11-28 13:58:36,278 [INFO] Mcu:1922 - Initializing MCU STM32F103C(8-B)Tx STM32F103C8Tx STM32F103C8T6
2022-11-28 13:58:37,332 [INFO] Context:654 - Trying to add GPIOservice into a context  which must be forbidden
2022-11-28 13:58:37,695 [WARN] ApiManager:308 - Cannot register API 'Board Extension:GNSS1A1' from pack STMicroelectronics.X-CUBE-GNSS1.6.0.0: no header file found
2022-11-28 13:58:37,695 [WARN] ApiManager:308 - Cannot register API 'Board Support:Custom' from pack STMicroelectronics.X-CUBE-GNSS1.6.0.0: no header file found
2022-11-28 13:58:37,695 [WARN] ApiManager:308 - Cannot register API 'Data Exchange:lib_gnss' from pack STMicroelectronics.X-CUBE-GNSS1.6.0.0: no header file found
2022-11-28 13:58:37,714 [WARN] ApiManager:308 - Cannot register API 'Wireless:BlueNRG-MS' from pack STMicroelectronics.X-CUBE-BLE1.6.2.3: no header file found
2022-11-28 13:58:37,716 [INFO] RtosManager:488 - Registered RTOS mode: class=CMSIS, group=RTOS, mode=CMSIS_V1, owner=FREERTOS
2022-11-28 13:58:37,716 [INFO] RtosManager:488 - Registered RTOS mode: class=CMSIS, group=RTOS2, mode=CMSIS_V2, owner=FREERTOS
2022-11-28 13:58:37,716 [INFO] RtosManager:488 - Registered RTOS mode: class=RTOS, group=Core, mode=CMSIS_V1, owner=FREERTOS
2022-11-28 13:58:37,716 [INFO] RtosManager:488 - Registered RTOS mode: class=RTOS, group=Core, mode=CMSIS_V2, owner=FREERTOS
2022-11-28 13:58:37,716 [WARN] ModelIntegratedComponent:185 - Missing modes for component STMicroelectronics:FreeRTOS:0.0.1:STMicroelectronics:RTOS:FreeRTOS:Core:::10.2.0:
2022-11-28 13:58:37,722 [WARN] ApiManager:308 - Cannot register API 'Board Extension:S2868A1' from pack STMicroelectronics.X-CUBE-SUBG2.5.0.0: no header file found
2022-11-28 13:58:37,722 [WARN] ApiManager:308 - Cannot register API 'Board Extension:S2868A2' from pack STMicroelectronics.X-CUBE-SUBG2.5.0.0: no header file found
2022-11-28 13:58:37,722 [WARN] ApiManager:308 - Cannot register API 'Board Extension:S2915A1' from pack STMicroelectronics.X-CUBE-SUBG2.5.0.0: no header file found
2022-11-28 13:58:37,732 [WARN] ApiManager:308 - Cannot register API 'Board Extension:NFC04A1' from pack STMicroelectronics.X-CUBE-NFC4.2.0.5: no header file found
2022-11-28 13:58:37,733 [WARN] ApiManager:308 - Cannot register API 'Board Extension:NFC04A1' from pack STMicroelectronics.X-CUBE-NFC4.2.0.4: no header file found
2022-11-28 13:58:37,745 [WARN] ModelIntegratedComponent:64 - No mode defined for component null
2022-11-28 13:58:37,746 [WARN] ModelIntegratedComponent:64 - No mode defined for component null
2022-11-28 13:58:37,746 [WARN] ModelIntegratedComponent:64 - No mode defined for component null
2022-11-28 13:58:37,746 [WARN] ModelIntegratedComponent:64 - No mode defined for component null
2022-11-28 13:58:37,746 [WARN] ModelIntegratedComponent:64 - No mode defined for component null
2022-11-28 13:58:37,746 [WARN] ModelIntegratedComponent:64 - No mode defined for component null
2022-11-28 13:58:37,746 [WARN] ModelIntegratedComponent:64 - No mode defined for component null
2022-11-28 13:58:37,746 [WARN] ModelIntegratedComponent:64 - No mode defined for component null
2022-11-28 13:58:37,746 [WARN] ModelIntegratedComponent:64 - No mode defined for component null
2022-11-28 13:58:37,746 [WARN] ModelIntegratedComponent:64 - No mode defined for component null
2022-11-28 13:58:37,746 [WARN] ModelIntegratedComponent:64 - No mode defined for component null
2022-11-28 13:58:37,746 [WARN] ModelIntegratedComponent:64 - No mode defined for component null
2022-11-28 13:58:37,746 [WARN] ModelIntegratedComponent:64 - No mode defined for component null
2022-11-28 13:58:37,746 [WARN] ModelIntegratedComponent:64 - No mode defined for component null
2022-11-28 13:58:37,746 [WARN] ModelIntegratedComponent:64 - No mode defined for component null
2022-11-28 13:58:37,746 [WARN] ModelIntegratedComponent:64 - No mode defined for component null
2022-11-28 13:58:37,746 [WARN] ModelIntegratedComponent:64 - No mode defined for component null
2022-11-28 13:58:37,747 [WARN] ModelIntegratedComponent:64 - No mode defined for component null
2022-11-28 13:58:37,747 [WARN] ModelIntegratedComponent:64 - No mode defined for component null
2022-11-28 13:58:37,747 [WARN] ModelIntegratedComponent:64 - No mode defined for component null
2022-11-28 13:58:37,747 [WARN] ModelIntegratedComponent:64 - No mode defined for component null
2022-11-28 13:58:37,748 [WARN] ModelIntegratedComponent:64 - No mode defined for component null
2022-11-28 13:58:37,748 [WARN] ModelIntegratedComponent:64 - No mode defined for component null
2022-11-28 13:58:37,748 [WARN] ModelIntegratedComponent:64 - No mode defined for component null
2022-11-28 13:58:37,748 [WARN] ModelIntegratedComponent:64 - No mode defined for component null
2022-11-28 13:58:37,748 [WARN] ModelIntegratedComponent:64 - No mode defined for component null
2022-11-28 13:58:37,748 [WARN] ModelIntegratedComponent:64 - No mode defined for component null
2022-11-28 13:58:37,748 [WARN] ModelIntegratedComponent:64 - No mode defined for component null
2022-11-28 13:58:37,748 [WARN] ModelIntegratedComponent:64 - No mode defined for component null
2022-11-28 13:58:37,748 [WARN] ModelIntegratedComponent:64 - No mode defined for component null
2022-11-28 13:58:37,748 [WARN] ModelIntegratedComponent:64 - No mode defined for component null
2022-11-28 13:58:37,748 [WARN] ModelIntegratedComponent:64 - No mode defined for component null
2022-11-28 13:58:37,748 [WARN] ModelIntegratedComponent:64 - No mode defined for component null
2022-11-28 13:58:37,750 [WARN] ApiManager:308 - Cannot register API 'Board Extension:NFC07A1' from pack STMicroelectronics.X-CUBE-NFC7.1.0.0: no header file found
2022-11-28 13:58:37,845 [WARN] ApiManager:308 - Cannot register API 'Board Extension:IKS01A3' from pack STMicroelectronics.X-CUBE-MEMS1.9.1.0: no header file found
2022-11-28 13:58:37,845 [WARN] ApiManager:308 - Cannot register API 'Board Extension:IKS01A2' from pack STMicroelectronics.X-CUBE-MEMS1.9.1.0: no header file found
2022-11-28 13:58:37,845 [WARN] ApiManager:308 - Cannot register API 'Board Extension:IKS02A1' from pack STMicroelectronics.X-CUBE-MEMS1.9.1.0: no header file found
2022-11-28 13:58:37,919 [WARN] ApiManager:308 - Cannot register API 'Board Extension:IKS01A3' from pack STMicroelectronics.X-CUBE-MEMS1.9.3.0: no header file found
2022-11-28 13:58:37,919 [WARN] ApiManager:308 - Cannot register API 'Board Extension:IKS01A2' from pack STMicroelectronics.X-CUBE-MEMS1.9.3.0: no header file found
2022-11-28 13:58:37,919 [WARN] ApiManager:308 - Cannot register API 'Board Extension:IKS02A1' from pack STMicroelectronics.X-CUBE-MEMS1.9.3.0: no header file found
2022-11-28 13:58:37,925 [WARN] ApiManager:308 - Cannot register API 'Board Extension:EEPRMA1' from pack STMicroelectronics.X-CUBE-EEPRMA1.3.1.1: no header file found
2022-11-28 13:58:37,925 [WARN] ApiManager:308 - Cannot register API 'Board Extension:EEPRMA2' from pack STMicroelectronics.X-CUBE-EEPRMA1.3.1.1: no header file found
2022-11-28 13:58:37,926 [WARN] ApiManager:308 - Cannot register API 'Board Extension:S2868A1' from pack STMicroelectronics.X-CUBE-SFXS2LP1.4.0.0: no header file found
2022-11-28 13:58:37,926 [WARN] ApiManager:308 - Cannot register API 'Board Extension:S2868A2' from pack STMicroelectronics.X-CUBE-SFXS2LP1.4.0.0: no header file found
2022-11-28 13:58:37,926 [WARN] ApiManager:308 - Cannot register API 'Board Extension:S2915A1' from pack STMicroelectronics.X-CUBE-SFXS2LP1.4.0.0: no header file found
2022-11-28 13:58:37,927 [WARN] ApiManager:308 - Cannot register API 'Wireless:BlueNRG-2' from pack STMicroelectronics.X-CUBE-BLE2.3.3.0: no header file found
2022-11-28 13:58:37,945 [INFO] ThirdPartyModel:289 - Start build external matchings
2022-11-28 13:58:38,313 [INFO] ThirdPartyModel:302 - End build external matchings
2022-11-28 13:58:38,539 [INFO] UtilMem:74 - End LoadConfig() Used Memory: 485832696 Bytes (634388480)
2022-11-28 13:58:38,667 [INFO] ApiDb:576 - Connected to CubeFinder SQLite database (C:\Users\paul.mathieu\.stmcufinder\plugins\mcufinder\mcu\cube-finder-db.db)
2022-11-28 13:58:38,704 [INFO] ApiDb:663 - CubeFinder database Data Model version=2.1
2022-11-28 13:58:38,704 [INFO] ApiDb:664 - CubeFinder database Configuration version=3.0.32
2022-11-28 13:58:38,705 [INFO] ApiDb:665 - CubeFinder database generation date=2022-06-13 (1655129059)
2022-11-28 13:58:38,705 [INFO] ApiDb:666 - CubeFinder database FW Pack versions=[STM32Cube_FW_C0_V1.0.0, STM32Cube_FW_F4_V1.27.0, STM32Cube_FW_F7_V1.17.0, STM32Cube_FW_G0_V1.6.0, STM32Cube_FW_G4_V1.5.0, STM32Cube_FW_H7_V1.10.0, STM32Cube_FW_L5_V1.4.0, STM32Cube_FW_U5_V1.1.1, STM32Cube_FW_WB_V1.14.0, STM32Cube_FW_WL_V1.2.0, X-CUBE-ALGOBUILD_V1.3.0, X-CUBE-ALS_V1.0.1, X-CUBE-AZRTOS-F4_V1.0.0, X-CUBE-AZRTOS-F7_V1.0.0, X-CUBE-AZRTOS-G0_V1.0.0, X-CUBE-AZRTOS-G4_V1.0.0, X-CUBE-AZRTOS-H7_V2.1.0, X-CUBE-AZRTOS-L4_V1.0.0, X-CUBE-AZRTOS-L5_V1.0.0, X-CUBE-AZRTOS-WL_V1.0.0, X-CUBE-BLE1_V6.2.3, X-CUBE-BLE2_V3.3.0, X-CUBE-EEPRMA1_V3.1.1, X-CUBE-GNSS1_V6.0.0, X-CUBE-MEMS1_V9.1.0, X-CUBE-NFC4_V2.0.3, X-CUBE-NFC7_V1.0.0, X-CUBE-SFXS2LP1_V3.1.0, X-CUBE-SUBG2_V5.0.0]
2022-11-28 13:58:42,449 [INFO] ApiDb:239 - Found 138 in-development CPN: [B-WB1M-WPAN1, NUCLEO-C031C6, STEVAL-STWINBX1, STM320518-EVAL, STM32C0116-DK, STM32C011D6Y3TR, STM32C011D6Y6TR, STM32C011F4P3, STM32C011F4P6, STM32C011F4U3, STM32C011F4U6TR, STM32C011F6P3, STM32C011F6P6, STM32C011F6U3, STM32C011F6U6TR, STM32C011J4M3, STM32C011J4M6, STM32C011J6M3, STM32C011J6M6, STM32C0316-DK, STM32C031C4T3, STM32C031C4T6, STM32C031C4U3, STM32C031C4U6, STM32C031C6T3, STM32C031C6T6, STM32C031C6U3, STM32C031C6U6, STM32C031F4P3, STM32C031F4P6, STM32C031F6P3, STM32C031F6P6, STM32C031G4U3, STM32C031G4U6, STM32C031G6U3, STM32C031G6U6, STM32C031K4T3, STM32C031K4T6, STM32C031K4U3, STM32C031K4U6, STM32C031K6T3, STM32C031K6T6, STM32C031K6U3, STM32C031K6U6, STM32G071K8TXN, STM32G071K8UXN, STM32G081GBU6N, STM32G081KBT6N, STM32G081KBUXN, STM32G0B1CCT6N, STM32G0B1KCT6, STM32G0B1NEY6TR, STM32G0B1RCT6N, STM32G0C1CCT6, STM32G0C1CCT6N, STM32G0C1CCU6N, STM32G0C1CET6N, STM32G0C1CEU6N, STM32G0C1KCT6, STM32G0C1NEY6TR, STM32G0C1RCI6N, STM32G0C1RCT6N, STM32G0C1REI6N, STM32G0C1RET6N, STM32G0C1VCI6, STM32G0C1VEI6, STM32G471CCT6, STM32G471CCU6, STM32G471CET3, STM32G471CET6, STM32G471CEU3, STM32G471CEU6, STM32G471MCT6, STM32G471MET3, STM32G471MET6, STM32G471MEY6TR, STM32G471QCT6, STM32G471QET3, STM32G471RCT6, STM32G471RET3, STM32G471RET6, STM32G471VCH6, STM32G471VCI6, STM32G471VCT6, STM32G471VEH3, STM32G471VEH6, STM32G471VEI3, STM32G471VEI6, STM32G471VET3, STM32G471VET6, STM32G474CCT6, STM32L476VGY6PTR, STM32L4R5QGI6STR, STM32MP131AAE3, STM32MP131AAF3, STM32MP131AAG3, STM32MP131CAE3, STM32MP131CAF3, STM32MP131CAG3, STM32MP131DAE7, STM32MP131DAF7, STM32MP131DAG7, STM32MP131FAE7, STM32MP131FAF7, STM32MP131FAG7, STM32MP133AAE3, STM32MP133AAF3, STM32MP133AAG3, STM32MP133CAE3, STM32MP133CAF3, STM32MP133CAG3, STM32MP133DAE7, STM32MP133DAF7, STM32MP133DAG7, STM32MP133FAE7, STM32MP133FAF7, STM32MP133FAG7, STM32MP135AAE3, STM32MP135AAF3, STM32MP135AAG3, STM32MP135CAE3, STM32MP135CAF3, STM32MP135CAG3, STM32MP135DAE7, STM32MP135DAF7, STM32MP135DAG7, STM32MP135F-DK, STM32MP135FAE7, STM32MP135FAF7, STM32MP135FAG7, STM32U595ZJT6Q, STM32U599BJY6QTR, STM32U599NIH6Q, STM32U599NJH6Q, STM32U5A5ZJT6Q, STM32U5A9BJY6QTR, STM32U5A9NJH6Q, STM32WB1MMCH6]
2022-11-28 13:58:42,451 [INFO] DbMcus:215 - Found 3542 MCUs, 3542 are supported
2022-11-28 13:58:42,457 [INFO] ApiDb:418 - Load user favorites file C:\Users\paul.mathieu/.stm32cubeide/favorites.mcus.txt: 2 item(s)
2022-11-28 13:58:42,458 [INFO] ApiDb:422 - User favorites MCUs=[STM32F103C8T6, STM32WB55RGV6]
2022-11-28 13:58:42,458 [INFO] DbMcus:221 - Set 2 / 2 favorites MCUs
2022-11-28 13:58:42,483 [WARN] ThirdParty:789 - waiting for thirdparty lock release [change project]
2022-11-28 13:58:42,483 [INFO] ThirdParty:791 - entering critical section [change project]
2022-11-28 13:58:42,483 [INFO] ThirdParty:981 - CMSIS Pack Vendor :STMicroelectronics X-CUBE-ISPU 1.1.0
2022-11-28 13:58:42,484 [INFO] ThirdParty:981 - CMSIS Pack Vendor :RoweBots I-CUBE-UNISONRTOS 5.5.0-4
2022-11-28 13:58:42,484 [INFO] ThirdParty:981 - CMSIS Pack Vendor :STMicroelectronics X-CUBE-GNSS1 6.0.0
2022-11-28 13:58:42,484 [INFO] ThirdParty:981 - CMSIS Pack Vendor :STMicroelectronics X-CUBE-AZRTOS-H7 2.1.0
2022-11-28 13:58:42,485 [INFO] ThirdParty:981 - CMSIS Pack Vendor :STMicroelectronics USB_HOST 2.0.0
2022-11-28 13:58:42,486 [INFO] ThirdParty:981 - CMSIS Pack Vendor :STMicroelectronics X-CUBE-AZRTOS-F4 1.1.0
2022-11-28 13:58:42,486 [INFO] ThirdParty:981 - CMSIS Pack Vendor :STMicroelectronics LIBJPEG 8.0.0
2022-11-28 13:58:42,486 [INFO] ThirdParty:981 - CMSIS Pack Vendor :STMicroelectronics USB_DEVICE 3.0.0
2022-11-28 13:58:42,486 [INFO] ThirdParty:981 - CMSIS Pack Vendor :STMicroelectronics X-CUBE-BLEMGR 1.0.0
2022-11-28 13:58:42,486 [INFO] ThirdParty:981 - CMSIS Pack Vendor :STMicroelectronics X-CUBE-BLEMGR 1.2.0
2022-11-28 13:58:42,486 [INFO] ThirdParty:981 - CMSIS Pack Vendor :STMicroelectronics X-CUBE-AZRTOS-F7 1.1.0
2022-11-28 13:58:42,486 [INFO] ThirdParty:981 - CMSIS Pack Vendor :STMicroelectronics USB_DEVICE 2.0.0
2022-11-28 13:58:42,486 [INFO] ThirdParty:981 - CMSIS Pack Vendor :STMicroelectronics X-CUBE-AI 7.3.0
2022-11-28 13:58:42,487 [INFO] ThirdParty:981 - CMSIS Pack Vendor :STMicroelectronics X-CUBE-BLE1 6.2.3
2022-11-28 13:58:42,487 [INFO] ThirdParty:981 - CMSIS Pack Vendor :STMicroelectronics X-CUBE-ALGOBUILD 1.3.0
2022-11-28 13:58:42,487 [INFO] ThirdParty:981 - CMSIS Pack Vendor :STMicroelectronics FreeRTOS 0.0.1
2022-11-28 13:58:42,487 [INFO] ThirdParty:981 - CMSIS Pack Vendor :emotas I-CUBE-CANOPEN 1.1.3
2022-11-28 13:58:42,487 [INFO] ThirdParty:981 - CMSIS Pack Vendor :STMicroelectronics X-CUBE-AZRTOS-G0 1.1.0
2022-11-28 13:58:42,487 [INFO] ThirdParty:981 - CMSIS Pack Vendor :STMicroelectronics X-CUBE-SUBG2 5.0.0
2022-11-28 13:58:42,487 [INFO] ThirdParty:981 - CMSIS Pack Vendor :SEGGER I-CUBE-embOS 1.2.0
2022-11-28 13:58:42,487 [INFO] ThirdParty:981 - CMSIS Pack Vendor :STMicroelectronics STM32_WPAN 1.0.0
2022-11-28 13:58:42,487 [INFO] ThirdParty:981 - CMSIS Pack Vendor :SEGGER I-CUBE-embOS 1.2.1
2022-11-28 13:58:42,487 [INFO] ThirdParty:981 - CMSIS Pack Vendor :STMicroelectronics lwIP 2.0.3
2022-11-28 13:58:42,487 [INFO] ThirdParty:981 - CMSIS Pack Vendor :STMicroelectronics X-CUBE-NFC4 2.0.5
2022-11-28 13:58:42,487 [INFO] ThirdParty:981 - CMSIS Pack Vendor :STMicroelectronics X-CUBE-NFC4 2.0.4
2022-11-28 13:58:42,487 [INFO] ThirdParty:981 - CMSIS Pack Vendor :STMicroelectronics USB_HOST 1.0.0
2022-11-28 13:58:42,487 [INFO] ThirdParty:981 - CMSIS Pack Vendor :STMicroelectronics PDM2PCM 3.1.0
2022-11-28 13:58:42,487 [INFO] ThirdParty:981 - CMSIS Pack Vendor :STMicroelectronics FP-ATR-ASTRA1 1.1.1
2022-11-28 13:58:42,487 [INFO] ThirdParty:981 - CMSIS Pack Vendor :STMicroelectronics PDM2PCM 3.3.0
2022-11-28 13:58:42,487 [INFO] ThirdParty:981 - CMSIS Pack Vendor :STMicroelectronics X-CUBE-TOF1 3.1.0
2022-11-28 13:58:42,487 [INFO] ThirdParty:981 - CMSIS Pack Vendor :wolfSSL I-CUBE-wolfSSL 5.5.3
2022-11-28 13:58:42,487 [INFO] ThirdParty:981 - CMSIS Pack Vendor :STMicroelectronics X-CUBE-AZRTOS-G4 1.0.0
2022-11-28 13:58:42,487 [INFO] ThirdParty:981 - CMSIS Pack Vendor :STMicroelectronics FP-ATR-SIGFOX1 3.2.0
2022-11-28 13:58:42,488 [INFO] ThirdParty:981 - CMSIS Pack Vendor :STMicroelectronics X-CUBE-AZRTOS-L4 1.0.0
2022-11-28 13:58:42,488 [INFO] ThirdParty:981 - CMSIS Pack Vendor :wolfSSL I-CUBE-wolfSSL 5.5.0
2022-11-28 13:58:42,488 [INFO] ThirdParty:981 - CMSIS Pack Vendor :STMicroelectronics HAL Drivers 0.0.0
2022-11-28 13:58:42,488 [INFO] ThirdParty:981 - CMSIS Pack Vendor :STMicroelectronics MBEDTLS 2.16.2
2022-11-28 13:58:42,488 [INFO] ThirdParty:981 - CMSIS Pack Vendor :emotas I-CUBE-CANOPEN 1.1.2
2022-11-28 13:58:42,488 [INFO] ThirdParty:981 - CMSIS Pack Vendor :STMicroelectronics X-CUBE-TOUCHGFX 4.20.0
2022-11-28 13:58:42,488 [INFO] ThirdParty:981 - CMSIS Pack Vendor :STMicroelectronics MBEDTLS 2.14.1
2022-11-28 13:58:42,488 [INFO] ThirdParty:981 - CMSIS Pack Vendor :STMicroelectronics X-CUBE-NFC7 1.0.0
2022-11-28 13:58:42,488 [INFO] ThirdParty:981 - CMSIS Pack Vendor :STMicroelectronics X-CUBE-AZRTOS-WL 1.0.0
2022-11-28 13:58:42,488 [INFO] ThirdParty:981 - CMSIS Pack Vendor :STMicroelectronics X-CUBE-MEMS1 9.1.0
2022-11-28 13:58:42,488 [INFO] ThirdParty:981 - CMSIS Pack Vendor :STMicroelectronics X-CUBE-MEMS1 9.3.0
2022-11-28 13:58:42,488 [INFO] ThirdParty:981 - CMSIS Pack Vendor :portGmbH I-Cube-SoM-uGOAL 1.1.0
2022-11-28 13:58:42,488 [INFO] ThirdParty:981 - CMSIS Pack Vendor :STMicroelectronics X-CUBE-ALS 1.0.1
2022-11-28 13:58:42,488 [INFO] ThirdParty:981 - CMSIS Pack Vendor :STMicroelectronics X-CUBE-AI 7.2.0
2022-11-28 13:58:42,489 [INFO] ThirdParty:981 - CMSIS Pack Vendor :STMicroelectronics ThreadX 1.0.0
2022-11-28 13:58:42,489 [INFO] ThirdParty:981 - CMSIS Pack Vendor :STMicroelectronics X-CUBE-AZRTOS-L5 1.0.0
2022-11-28 13:58:42,489 [INFO] ThirdParty:981 - CMSIS Pack Vendor :STMicroelectronics USB_DEVICE 1.0.0
2022-11-28 13:58:42,489 [INFO] ThirdParty:981 - CMSIS Pack Vendor :STMicroelectronics X-CUBE-EEPRMA1 3.1.1
2022-11-28 13:58:42,489 [INFO] ThirdParty:981 - CMSIS Pack Vendor :STMicroelectronics ThreadX 0.0.2
2022-11-28 13:58:42,489 [INFO] ThirdParty:981 - CMSIS Pack Vendor :STMicroelectronics lwIP 2.1.2
2022-11-28 13:58:42,489 [INFO] ThirdParty:981 - CMSIS Pack Vendor :STMicroelectronics X-CUBE-SFXS2LP1 4.0.0
2022-11-28 13:58:42,489 [INFO] ThirdParty:981 - CMSIS Pack Vendor :STMicroelectronics X-CUBE-BLE2 3.3.0
2022-11-28 13:58:42,489 [INFO] ThirdParty:981 - CMSIS Pack Vendor :STMicroelectronics X-CUBE-DISPLAY 2.2.0
2022-11-28 13:58:42,489 [INFO] ThirdParty:981 - CMSIS Pack Vendor :STMicroelectronics X-CUBE-TOF1 3.2.0
2022-11-28 13:58:42,489 [INFO] ThirdParty:981 - CMSIS Pack Vendor :STMicroelectronics PDM2PCM 3.2.0
2022-11-28 13:58:42,489 [INFO] ThirdParty:981 - CMSIS Pack Vendor :STMicroelectronics X-CUBE-ISPU 1.0.0
2022-11-28 13:58:42,489 [INFO] ThirdParty:797 - exiting critical section [change project]
2022-11-28 13:58:42,905 [INFO] PinOutPanel:1468 - setPackage(No Configuration,No Configuration)
2022-11-28 13:58:42,907 [INFO] PinOutPanel:1468 - setPackage(STM32F103C8Tx,LQFP48)
2022-11-28 13:58:43,598 [INFO] UtilMem:74 - Before build in PCC Used Memory: 202404352 Bytes (634388480)
2022-11-28 13:58:44,577 [INFO] UtilMem:74 - After build in PCC Used Memory: 373848624 Bytes (634388480)
2022-11-28 13:58:44,611 [INFO] IPUIPlugin:79 - create IPUIPlugin
2022-11-28 13:58:44,611 [INFO] IPUIPlugin:79 - create IPUIPlugin
2022-11-28 13:58:44,611 [INFO] IPUIPlugin:79 - create IPUIPlugin
2022-11-28 13:58:44,612 [INFO] IPUIPlugin:79 - create IPUIPlugin
2022-11-28 13:58:44,613 [INFO] IPUIPlugin:79 - create IPUIPlugin
2022-11-28 13:58:44,613 [INFO] IPUIPlugin:79 - create IPUIPlugin
2022-11-28 13:58:44,613 [INFO] IPUIPlugin:79 - create IPUIPlugin
2022-11-28 13:58:44,613 [INFO] IPUIPlugin:79 - create IPUIPlugin
2022-11-28 13:58:44,613 [INFO] IPUIPlugin:79 - create IPUIPlugin
2022-11-28 13:58:44,613 [INFO] IPUIPlugin:79 - create IPUIPlugin
2022-11-28 13:58:44,613 [INFO] IPUIPlugin:79 - create IPUIPlugin
2022-11-28 13:58:44,613 [INFO] IPUIPlugin:79 - create IPUIPlugin
2022-11-28 13:58:44,613 [INFO] IPUIPlugin:79 - create IPUIPlugin
2022-11-28 13:58:44,614 [INFO] IPUIPlugin:79 - create IPUIPlugin
2022-11-28 13:58:44,614 [INFO] IPUIPlugin:79 - create IPUIPlugin
2022-11-28 13:58:44,614 [INFO] IPUIPlugin:79 - create IPUIPlugin
2022-11-28 13:58:44,614 [INFO] IPUIPlugin:79 - create IPUIPlugin
2022-11-28 13:58:44,614 [INFO] IPUIPlugin:79 - create IPUIPlugin
2022-11-28 13:58:44,614 [INFO] IPUIPlugin:79 - create IPUIPlugin
2022-11-28 13:58:44,614 [INFO] IPUIPlugin:79 - create IPUIPlugin
2022-11-28 13:58:44,614 [INFO] IPUIPlugin:79 - create IPUIPlugin
2022-11-28 13:58:44,614 [INFO] IPUIPlugin:79 - create IPUIPlugin
2022-11-28 13:58:44,614 [INFO] IPUIPlugin:79 - create IPUIPlugin
2022-11-28 13:58:44,615 [INFO] IPUIPlugin:79 - create IPUIPlugin
2022-11-28 13:58:44,615 [INFO] IPUIPlugin:79 - create IPUIPlugin
2022-11-28 13:58:44,615 [INFO] IPUIPlugin:79 - create IPUIPlugin
2022-11-28 13:58:44,615 [INFO] IPUIPlugin:79 - create IPUIPlugin
2022-11-28 13:58:44,632 [INFO] Can:70 - Can Add PropertyChangeListener com.st.microxplorer.plugins.ip.can.Can@746032e7
2022-11-28 13:58:44,890 [INFO] OpenFileManager:327 - Restore cursor
2022-11-28 14:03:41,930 [INFO] Gpio:272 - dependency for GPIO [CAN, SYS]
2022-11-28 14:03:44,364 [INFO] Gpio:272 - dependency for GPIO [CAN, SYS]
2022-11-28 14:05:20,143 [INFO] NvicIntPanel:100 - NVIC parent = com.st.microxplorer.plugins.ip.nvic.MultiNvicIntPanel[,0,0,450x211,layout=javax.swing.BoxLayout,alignmentX=0.0,alignmentY=0.0,border=,flags=9,maximumSize=,minimumSize=,preferredSize=]
2022-11-28 14:06:37,919 [INFO] UtilMem:74 - End SaveConfig() Used Memory: 370072848 Bytes (634388480)
2022-11-28 14:06:53,985 [INFO] UtilMem:74 - End SaveConfig() Used Memory: 359528136 Bytes (634388480)
2022-11-28 14:06:54,889 [INFO] UtilMem:74 - End SaveConfig() Used Memory: 380384904 Bytes (634388480)
2022-11-28 14:07:01,238 [INFO] UtilMem:74 - End SaveConfig() Used Memory: 511301936 Bytes (634388480)
2022-11-28 14:07:01,955 [INFO] BlockDiagram:2753 - set Specific Code input for plugin: NVIC
2022-11-28 14:07:01,956 [INFO] BlockDiagram:2753 - set Specific Code input for plugin: USART
2022-11-28 14:07:01,956 [INFO] BlockDiagram:2753 - set Specific Code input for plugin: SYS
2022-11-28 14:07:01,956 [INFO] BlockDiagram:2753 - set Specific Code input for plugin: GPIO
2022-11-28 14:07:01,956 [INFO] BlockDiagram:2753 - set Specific Code input for plugin: CAN
2022-11-28 14:07:01,956 [INFO] BlockDiagram:2753 - set Specific Code input for plugin: RCC
2022-11-28 14:07:01,961 [INFO] CodeGenerator:690 - code generatio: config db path: C:\ST\STM32CubeIDE_1.10.1\STM32CubeIDE\plugins\com.st.stm32cube.common.mx_6.6.1.202207061420\\db\
2022-11-28 14:07:02,392 [INFO] CodeEngine:245 - oldGeneratedFile, D:\Documents\GitHub\GoGoCar-STM32\CAN_Read_Prototype_01\MXTmpFiles\license.tmp_save
2022-11-28 14:07:02,848 [INFO] CodeEngine:269 - Generated code: D:\Documents\GitHub\GoGoCar-STM32\CAN_Read_Prototype_01\MXTmpFiles\license.tmp
2022-11-28 14:07:02,955 [INFO] CodeEngine:245 - oldGeneratedFile, D:\Documents\GitHub\GoGoCar-STM32\CAN_Read_Prototype_01\MXTmpFiles\gpio.tmp_save
2022-11-28 14:07:03,112 [INFO] CodeEngine:269 - Generated code: D:\Documents\GitHub\GoGoCar-STM32\CAN_Read_Prototype_01\MXTmpFiles\gpio.tmp
2022-11-28 14:07:03,399 [INFO] CodeEngine:245 - oldGeneratedFile, D:\Documents\GitHub\GoGoCar-STM32\CAN_Read_Prototype_01\Core\Src\stm32f1xx_it.c_save
2022-11-28 14:07:03,593 [INFO] CodeEngine:269 - Generated code: D:\Documents\GitHub\GoGoCar-STM32\CAN_Read_Prototype_01\Core\Src\stm32f1xx_it.c
2022-11-28 14:07:03,604 [INFO] CodeEngine:245 - oldGeneratedFile, D:\Documents\GitHub\GoGoCar-STM32\CAN_Read_Prototype_01\Core\Inc\stm32f1xx_it.h_save
2022-11-28 14:07:03,726 [INFO] CodeEngine:269 - Generated code: D:\Documents\GitHub\GoGoCar-STM32\CAN_Read_Prototype_01\Core\Inc\stm32f1xx_it.h
2022-11-28 14:07:03,763 [INFO] CodeEngine:245 - oldGeneratedFile, D:\Documents\GitHub\GoGoCar-STM32\CAN_Read_Prototype_01\Core\Src\stm32f1xx_hal_msp.c_save
2022-11-28 14:07:04,028 [INFO] CodeEngine:269 - Generated code: D:\Documents\GitHub\GoGoCar-STM32\CAN_Read_Prototype_01\Core\Src\stm32f1xx_hal_msp.c
2022-11-28 14:07:04,045 [INFO] CodeEngine:245 - oldGeneratedFile, D:\Documents\GitHub\GoGoCar-STM32\CAN_Read_Prototype_01\MXTmpFiles\system.tmp_save
2022-11-28 14:07:04,126 [INFO] CodeEngine:269 - Generated code: D:\Documents\GitHub\GoGoCar-STM32\CAN_Read_Prototype_01\MXTmpFiles\system.tmp
2022-11-28 14:07:04,156 [INFO] CodeEngine:245 - oldGeneratedFile, D:\Documents\GitHub\GoGoCar-STM32\CAN_Read_Prototype_01\Core\Inc\stm32f1xx_hal_conf.h_save
2022-11-28 14:07:04,306 [INFO] CodeEngine:269 - Generated code: D:\Documents\GitHub\GoGoCar-STM32\CAN_Read_Prototype_01\Core\Inc\stm32f1xx_hal_conf.h
2022-11-28 14:07:04,420 [INFO] CodeEngine:245 - oldGeneratedFile, D:\Documents\GitHub\GoGoCar-STM32\CAN_Read_Prototype_01\Core\Inc\main.h_save
2022-11-28 14:07:04,580 [INFO] CodeEngine:269 - Generated code: D:\Documents\GitHub\GoGoCar-STM32\CAN_Read_Prototype_01\Core\Inc\main.h
2022-11-28 14:07:04,599 [INFO] CodeEngine:245 - oldGeneratedFile, D:\Documents\GitHub\GoGoCar-STM32\CAN_Read_Prototype_01\Core\Src\main.c_save
2022-11-28 14:07:05,051 [INFO] CodeEngine:269 - Generated code: D:\Documents\GitHub\GoGoCar-STM32\CAN_Read_Prototype_01\Core\Src\main.c
2022-11-28 14:07:06,592 [INFO] ProjectBuilder:2919 - Time for Copy HAL[1] : 365mS.
2022-11-28 14:07:06,616 [INFO] ProjectBuilder:4117 - Project Generator version: 3.17.1
2022-11-28 14:07:07,002 [INFO] ConfigFileManager:1394 - The Die is : DIE410
2022-11-28 14:07:07,027 [INFO] ApiDbMcu:505 - Load IP Config File for FATFS
2022-11-28 14:07:07,101 [INFO] ApiDbMcu:505 - Load IP Config File for FREERTOS
2022-11-28 14:07:07,160 [INFO] ApiDbMcu:505 - Load IP Config File for USB_DEVICE
2022-11-28 14:07:12,889 [INFO] ProjectBuilder:4285 - Time for Generating toolchain IDE Files: 6273mS.
2022-11-28 14:07:12,891 [INFO] ProjectBuilder:2790 - Time for Copy CMSIS : 1mS.
2022-11-28 14:07:12,893 [INFO] ProjectBuilder:2790 - Time for Copy CMSIS : 0mS.
2022-11-29 09:55:37,813 [INFO] Activator:177 - 


2022-11-29 09:55:37,819 [INFO] Activator:178 - !SESSION log4j initialized
2022-11-29 09:56:14,726 [ERROR] LogOutputStream:74 - [STDERR_REDIRECT] SLF4J: Failed to load class "org.slf4j.impl.StaticLoggerBinder".
2022-11-29 09:56:14,728 [ERROR] LogOutputStream:74 - [STDERR_REDIRECT] SLF4J: Defaulting to no-operation (NOP) logger implementation
2022-11-29 09:56:14,734 [ERROR] LogOutputStream:74 - [STDERR_REDIRECT] SLF4J: See http://www.slf4j.org/codes.html#StaticLoggerBinder for further details.
2022-11-29 14:36:34,919 [INFO] Activator:177 - 


2022-11-29 14:36:34,921 [INFO] Activator:178 - !SESSION log4j initialized
2022-11-29 14:37:07,485 [ERROR] LogOutputStream:74 - [STDERR_REDIRECT] SLF4J: Failed to load class "org.slf4j.impl.StaticLoggerBinder".
2022-11-29 14:37:07,487 [ERROR] LogOutputStream:74 - [STDERR_REDIRECT] SLF4J: Defaulting to no-operation (NOP) logger implementation
2022-11-29 14:37:07,489 [ERROR] LogOutputStream:74 - [STDERR_REDIRECT] SLF4J: See http://www.slf4j.org/codes.html#StaticLoggerBinder for further details.
